Performing C SOURCE FILE Test COMPILER_HAS_THOSE_TOGGLES failed with the following output:
Change Dir: C:/Users/diego/CLionProjects/SpaceInvaders/cmake-build-debug/CMakeFiles/CMakeTmp

Run Build Command(s):nmake /nologo cmTC_a21ee\fast && 	"C:\Program Files (x86)\Microsoft Visual Studio\2019\Community\VC\Tools\MSVC\14.25.28610\bin\HostX86\x86\nmake.exe"  -f CMakeFiles\cmTC_a21ee.dir\build.make /nologo -L                  CMakeFiles\cmTC_a21ee.dir\build
Building C object CMakeFiles/cmTC_a21ee.dir/src.c.obj
	C:\PROGRA~2\MICROS~3\2019\COMMUN~1\VC\Tools\MSVC\1425~1.286\bin\Hostx86\x86\cl.exe @C:\Users\diego\AppData\Local\Temp\nm9503.tmp
cl : Command line error D8021 : invalid numeric argument '/Werror=pointer-arith'
NMAKE : fatal error U1077: 'C:\PROGRA~2\MICROS~3\2019\COMMUN~1\VC\Tools\MSVC\1425~1.286\bin\Hostx86\x86\cl.exe' : return code '0x2'
Stop.
NMAKE : fatal error U1077: '"C:\Program Files (x86)\Microsoft Visual Studio\2019\Community\VC\Tools\MSVC\14.25.28610\bin\HostX86\x86\nmake.exe"' : return code '0x2'
Stop.


Source file was:
int main(void) { return 0; }
Determining if the include file pthread.h exists failed with the following output:
Change Dir: C:/Users/diego/CLionProjects/SpaceInvaders/cmake-build-debug/CMakeFiles/CMakeTmp

Run Build Command(s):nmake /nologo cmTC_8804c\fast && 	"C:\Program Files (x86)\Microsoft Visual Studio\2019\Community\VC\Tools\MSVC\14.25.28610\bin\HostX86\x86\nmake.exe"  -f CMakeFiles\cmTC_8804c.dir\build.make /nologo -L                  CMakeFiles\cmTC_8804c.dir\build
Building C object CMakeFiles/cmTC_8804c.dir/CheckIncludeFile.c.obj
	C:\PROGRA~2\MICROS~3\2019\COMMUN~1\VC\Tools\MSVC\1425~1.286\bin\Hostx86\x86\cl.exe @C:\Users\diego\AppData\Local\Temp\nm95ED.tmp
CheckIncludeFile.c
C:\Users\diego\CLionProjects\SpaceInvaders\cmake-build-debug\CMakeFiles\CMakeTmp\CheckIncludeFile.c(1): fatal error C1083: Cannot open include file: 'pthread.h': No such file or directory
NMAKE : fatal error U1077: 'C:\PROGRA~2\MICROS~3\2019\COMMUN~1\VC\Tools\MSVC\1425~1.286\bin\Hostx86\x86\cl.exe' : return code '0x2'
Stop.
NMAKE : fatal error U1077: '"C:\Program Files (x86)\Microsoft Visual Studio\2019\Community\VC\Tools\MSVC\14.25.28610\bin\HostX86\x86\nmake.exe"' : return code '0x2'
Stop.



